[18-Jul-2021 19:30:44 Europe/Berlin] SESSIONCONTROLLER :: start() => Han pasado 3 minutos de inactividad
[18-Jul-2021 19:30:44 Europe/Berlin] PHP Warning:  Undefined array key "userId" in C:\xampp\htdocs\usersDashboard\libs\session.php on line 37
[18-Jul-2021 19:30:44 Europe/Berlin] PHP Warning:  Trying to access array offset on value of type bool in C:\xampp\htdocs\usersDashboard\controllers\panelController.php on line 16
[18-Jul-2021 19:30:44 Europe/Berlin] PHP Warning:  Trying to access array offset on value of type bool in C:\xampp\htdocs\usersDashboard\views\panel\index.php on line 13
[18-Jul-2021 19:30:44 Europe/Berlin] PHP Warning:  Trying to access array offset on value of type bool in C:\xampp\htdocs\usersDashboard\views\panel\index.php on line 16
[18-Jul-2021 19:30:44 Europe/Berlin] PHP Warning:  Trying to access array offset on value of type bool in C:\xampp\htdocs\usersDashboard\views\panel\index.php on line 25
[18-Jul-2021 19:30:44 Europe/Berlin] PHP Warning:  Trying to access array offset on value of type bool in C:\xampp\htdocs\usersDashboard\views\panel\index.php on line 29
[18-Jul-2021 19:30:44 Europe/Berlin] PHP Warning:  Trying to access array offset on value of type bool in C:\xampp\htdocs\usersDashboard\views\panel\index.php on line 41
[18-Jul-2021 19:30:44 Europe/Berlin] PHP Warning:  Trying to access array offset on value of type bool in C:\xampp\htdocs\usersDashboard\views\panel\index.php on line 45
[18-Jul-2021 19:30:44 Europe/Berlin] PHP Warning:  Trying to access array offset on value of type bool in C:\xampp\htdocs\usersDashboard\views\panel\index.php on line 216
[18-Jul-2021 21:06:01 Europe/Berlin] SESSIONCONTROLLER :: start() => Han pasado 3 minutos de inactividad
[18-Jul-2021 21:06:01 Europe/Berlin] PHP Warning:  Undefined array key "userId" in C:\xampp\htdocs\usersDashboard\libs\session.php on line 37
[18-Jul-2021 21:06:01 Europe/Berlin] PHP Warning:  Trying to access array offset on value of type bool in C:\xampp\htdocs\usersDashboard\controllers\panelController.php on line 16
[18-Jul-2021 21:06:01 Europe/Berlin] PHP Warning:  Trying to access array offset on value of type bool in C:\xampp\htdocs\usersDashboard\views\panel\index.php on line 13
[18-Jul-2021 21:06:01 Europe/Berlin] PHP Warning:  Trying to access array offset on value of type bool in C:\xampp\htdocs\usersDashboard\views\panel\index.php on line 16
[18-Jul-2021 21:06:01 Europe/Berlin] PHP Warning:  Trying to access array offset on value of type bool in C:\xampp\htdocs\usersDashboard\views\panel\index.php on line 25
[18-Jul-2021 21:06:01 Europe/Berlin] PHP Warning:  Trying to access array offset on value of type bool in C:\xampp\htdocs\usersDashboard\views\panel\index.php on line 29
[18-Jul-2021 21:06:01 Europe/Berlin] PHP Warning:  Trying to access array offset on value of type bool in C:\xampp\htdocs\usersDashboard\views\panel\index.php on line 41
[18-Jul-2021 21:06:01 Europe/Berlin] PHP Warning:  Trying to access array offset on value of type bool in C:\xampp\htdocs\usersDashboard\views\panel\index.php on line 45
[18-Jul-2021 21:06:01 Europe/Berlin] PHP Warning:  Trying to access array offset on value of type bool in C:\xampp\htdocs\usersDashboard\views\panel\index.php on line 224
[18-Jul-2021 21:06:01 Europe/Berlin] PHP Warning:  Trying to access array offset on value of type bool in C:\xampp\htdocs\usersDashboard\views\panel\index.php on line 225
[18-Jul-2021 23:21:45 Europe/Berlin] PHP Warning:  unlink(C:/xampp/htdocs/usersDashboardresource/img/avatar/184927561260f3843cc65823.16220732_avatar6.png): No such file or directory in C:\xampp\htdocs\usersDashboard\controllers\userController.php on line 117
